<?xml version="1.0" encoding="UTF-8"?>
<!-- Generated by org.testng.reporters.JUnitReportReporter -->
<testsuite hostname="DESKTOP-M64T9D8" failures="0" tests="1" name="assessment.AssessmentTests" time="9.097" errors="0" timestamp="2023-04-12T21:12:07 MDT" skipped="0">
  <testcase classname="assessment.AssessmentTests" name="addItems" time="9.097"/>
  <system-out/>
</testsuite> <!-- assessment.AssessmentTests -->
