<?xml version="1.0" encoding="UTF-8"?>
<!-- Generated by org.testng.reporters.JUnitReportReporter -->
<testsuite hostname="DESKTOP-M64T9D8" failures="0" tests="1" name="assessment.AssessmentTests" time="18.699" errors="0" timestamp="2023-04-12T22:42:01 MDT" skipped="0">
  <testcase classname="assessment.AssessmentTests" name="delete_Two_Items_from_Cart" time="18.699"/>
  <system-out/>
</testsuite> <!-- assessment.AssessmentTests -->
