<?xml version="1.0" encoding="UTF-8"?>
<!-- Generated by org.testng.reporters.JUnitReportReporter -->
<testsuite hostname="DESKTOP-M64T9D8" failures="0" tests="1" name="assessment.AssessmentTests" time="15.500" errors="0" timestamp="2023-04-13T02:06:50 MDT" skipped="0">
  <testcase classname="assessment.AssessmentTests" name="number_Of_Items_In_Cart" time="15.500"/>
  <system-out/>
</testsuite> <!-- assessment.AssessmentTests -->
