<?xml version="1.0" encoding="UTF-8"?>
<!-- Generated by org.testng.reporters.JUnitReportReporter -->
<testsuite hostname="DESKTOP-M64T9D8" failures="0" tests="2" name="assessment.AssessmentTests" time="13.725" errors="0" timestamp="2023-04-12T13:37:28 MDT" skipped="0">
  <testcase classname="assessment.AssessmentTests" name="logOut" time="6.320"/>
  <system-out/>
  <testcase classname="assessment.AssessmentTests" name="logIn" time="7.405"/>
  <system-out/>
</testsuite> <!-- assessment.AssessmentTests -->
